<?xml version="1.0" encoding="UTF-8"?>
<!-- Generated by org.testng.reporters.JUnitXMLReporter -->
<testsuite hostname="Eshwar" ignored="0" name="Login Test" tests="3" failures="0" timestamp="2021-06-07T17:15:29 IST" time="0.062" errors="0">
  <testcase name="firstTest" time="0.007" classname="testNGFrameWorkBasics.TestCase1"/>
  <testcase name="doLogin" time="0.002" classname="testNGFrameWorkBasics.TestCase1"/>
  <testcase name="doUserReg" time="0.001" classname="testNGFrameWorkBasics.TestCase1"/>
</testsuite> <!-- Login Test -->
