<?xml version="1.0" encoding="UTF-8"?>
<!-- Generated by org.testng.reporters.JUnitXMLReporter -->
<testsuite hostname="Eshwar" ignored="0" name="Login Test" tests="3" failures="0" timestamp="2021-05-25T17:21:56 IST" time="0.078" errors="0">
  <testcase name="firstTest" time="0.008" classname="testNGFrameWorkBasics.TestCase1"/>
  <testcase name="doLogin" time="0.001" classname="testNGFrameWorkBasics.TestCase1"/>
  <testcase name="doUserReg" time="0.003" classname="testNGFrameWorkBasics.TestCase1"/>
</testsuite> <!-- Login Test -->
