<?xml version="1.0" encoding="UTF-8"?>
<testng-results skipped="0" failed="0" ignored="0" total="2" passed="2">
  <reporter-output>
  </reporter-output>
  <suite name="Default suite" duration-ms="1892" started-at="2021-06-07T17:29:20 IST" finished-at="2021-06-07T17:29:22 IST">
    <groups>
      <group name="cucumber">
        <method signature="AbstractTestNGCucumberTests.runScenario(io.cucumber.testng.PickleWrapper,io.cucumber.testng.FeatureWrapper)[pri:0, instance:cucumberBasics.BankLoginRunCuke@43738a82]" name="runScenario" class="io.cucumber.testng.AbstractTestNGCucumberTests"/>
      </group> <!-- cucumber -->
    </groups>
    <test name="Default test" duration-ms="1892" started-at="2021-06-07T17:29:20 IST" finished-at="2021-06-07T17:29:22 IST">
      <class name="cucumberBasics.BankLoginRunCuke">
        <test-method status="PASS" signature="setUpClass()[pri:0, instance:cucumberBasics.BankLoginRunCuke@43738a82]" name="setUpClass" is-config="true" duration-ms="1494" started-at="2021-06-07T17:29:20 IST" finished-at="2021-06-07T17:29:22 IST">
          <reporter-output>
          </reporter-output>
        </test-method> <!-- setUpClass -->
        <test-method status="PASS" signature="runScenario(io.cucumber.testng.PickleWrapper,io.cucumber.testng.FeatureWrapper)[pri:0, instance:cucumberBasics.BankLoginRunCuke@43738a82]" name="runScenario" duration-ms="214" started-at="2021-06-07T17:29:22 IST" description="Runs Cucumber Scenarios" data-provider="scenarios" finished-at="2021-06-07T17:29:22 IST">
          <params>
            <param index="0">
              <value>
                <![CDATA["In order to verify facebook login"]]>
              </value>
            </param>
            <param index="1">
              <value>
                <![CDATA["Optional[Login]"]]>
              </value>
            </param>
          </params>
          <reporter-output>
          </reporter-output>
        </test-method> <!-- runScenario -->
        <test-method status="PASS" signature="runScenario(io.cucumber.testng.PickleWrapper,io.cucumber.testng.FeatureWrapper)[pri:0, instance:cucumberBasics.BankLoginRunCuke@43738a82]" name="runScenario" duration-ms="18" started-at="2021-06-07T17:29:22 IST" description="Runs Cucumber Scenarios" data-provider="scenarios" finished-at="2021-06-07T17:29:22 IST">
          <params>
            <param index="0">
              <value>
                <![CDATA["In order to verify facebook login"]]>
              </value>
            </param>
            <param index="1">
              <value>
                <![CDATA["Optional[Login]"]]>
              </value>
            </param>
          </params>
          <reporter-output>
          </reporter-output>
        </test-method> <!-- runScenario -->
        <test-method status="PASS" signature="tearDownClass()[pri:0, instance:cucumberBasics.BankLoginRunCuke@43738a82]" name="tearDownClass" is-config="true" duration-ms="113" started-at="2021-06-07T17:29:22 IST" finished-at="2021-06-07T17:29:22 IST">
          <reporter-output>
          </reporter-output>
        </test-method> <!-- tearDownClass -->
      </class> <!-- cucumberBasics.BankLoginRunCuke -->
    </test> <!-- Default test -->
  </suite> <!-- Default suite -->
</testng-results>
